#
# There is insufficient memory for the Java Runtime Environment to continue.
# Native memory allocation (malloc) failed to allocate 38352 bytes for Chunk::new
# Possible reasons:
#   The system is out of physical RAM or swap space
#   In 32 bit mode, the process size limit was hit
# Possible solutions:
#   Reduce memory load on the system
#   Increase physical memory or swap space
#   Check if swap backing store is full
#   Use 64 bit Java on a 64 bit OS
#   Decrease Java heap size (-Xmx/-Xms)
#   Decrease number of Java threads
#   Decrease Java thread stack sizes (-Xss)
#   Set larger code cache with -XX:ReservedCodeCacheSize=
# This output file may be truncated or incomplete.
#
#  Out of Memory Error (allocation.cpp:390), pid=10732, tid=10784
#
# JRE version: Java(TM) SE Runtime Environment (8.0_25-b18) (build 1.8.0_25-b18)
# Java VM: Java HotSpot(TM) 64-Bit Server VM (25.25-b02 mixed mode windows-amd64 compressed oops)
# Failed to write core dump. Minidumps are not enabled by default on client versions of Windows
#

---------------  T H R E A D  ---------------

Current thread (0x000000005622a800):  JavaThread "C1 CompilerThread2" daemon [_thread_in_native, id=10784, stack(0x0000000056de0000,0x0000000056ee0000)]

Stack: [0x0000000056de0000,0x0000000056ee0000]
Native frames: (J=compiled Java code, j=interpreted, Vv=VM code, C=native code)
V  [jvm.dll+0x31667a]


Current CompileTask:
C1:    196  497   !   3       com.android.dx.cf.code.RopperMachine::run (1550 bytes)


---------------  P R O C E S S  ---------------

Java Threads: ( => current thread )
  0x0000000056299800 JavaThread "Service Thread" daemon [_thread_blocked, id=9400, stack(0x0000000056830000,0x0000000056930000)]
=>0x000000005622a800 JavaThread "C1 CompilerThread2" daemon [_thread_in_native, id=10784, stack(0x0000000056de0000,0x0000000056ee0000)]
  0x0000000056229000 JavaThread "C2 CompilerThread1" daemon [_thread_in_native, id=10720, stack(0x0000000056c80000,0x0000000056d80000)]
  0x0000000056221800 JavaThread "C2 CompilerThread0" daemon [_thread_in_native, id=6648, stack(0x0000000056b00000,0x0000000056c00000)]
  0x0000000054e9a000 JavaThread "Attach Listener" daemon [_thread_blocked, id=9468, stack(0x0000000056930000,0x0000000056a30000)]
  0x0000000054e97000 JavaThread "Signal Dispatcher" daemon [_thread_blocked, id=10844, stack(0x0000000056670000,0x0000000056770000)]
  0x0000000054e3a800 JavaThread "Finalizer" daemon [_thread_blocked, id=11220, stack(0x0000000056120000,0x0000000056220000)]
  0x0000000054e2f800 JavaThread "Reference Handler" daemon [_thread_blocked, id=10260, stack(0x0000000055e90000,0x0000000055f90000)]
  0x0000000002148000 JavaThread "main" [_thread_in_Java, id=8728, stack(0x0000000002570000,0x0000000002670000)]

Other Threads:
  0x0000000054e2a800 VMThread [stack: 0x0000000056000000,0x0000000056100000] [id=3628]
  0x000000005629e800 WatcherThread [stack: 0x0000000056f10000,0x0000000057010000] [id=5180]

VM state:not at safepoint (normal execution)

VM Mutex/Monitor currently owned by a thread: None

Heap:
 PSYoungGen      total 38400K, used 9584K [0x00000000eab00000, 0x00000000ed580000, 0x0000000100000000)
  eden space 33280K, 28% used [0x00000000eab00000,0x00000000eb45c308,0x00000000ecb80000)
  from space 5120K, 0% used [0x00000000ed080000,0x00000000ed080000,0x00000000ed580000)
  to   space 5120K, 0% used [0x00000000ecb80000,0x00000000ecb80000,0x00000000ed080000)
 ParOldGen       total 87552K, used 0K [0x00000000c0000000, 0x00000000c5580000, 0x00000000eab00000)
  object space 87552K, 0% used [0x00000000c0000000,0x00000000c0000000,0x00000000c5580000)
 Metaspace       used 4743K, capacity 6224K, committed 6528K, reserved 1056768K
  class space    used 493K, capacity 584K, committed 640K, reserved 1048576K

Card table byte_map: [0x0000000011d00000,0x0000000011f10000] byte_map_base: 0x0000000011700000

Marking Bits: (ParMarkBitMap*) 0x000000006fffd490
 Begin Bits: [0x00000000122a0000, 0x00000000132a0000)
 End Bits:   [0x00000000132a0000, 0x00000000142a0000)

Polling page: 0x0000000000330000

CodeCache: size=245760Kb used=2267Kb max_used=2277Kb free=243493Kb
 bounds [0x0000000002940000, 0x0000000002bb0000, 0x0000000011940000]
 total_blobs=753 nmethods=495 adapters=172
 compilation: enabled

Compilation events (10 events):
Event: 0.187 Thread 0x000000005622a800 nmethod 498 0x0000000002b690d0 code [0x0000000002b69680, 0x0000000002b6dcb8]
Event: 0.187 Thread 0x000000005622a800  501       3       com.android.dx.rop.code.RegisterSpecSet::mutableCopy (57 bytes)
Event: 0.187 Thread 0x000000005622a800 nmethod 501 0x0000000002b70d10 code [0x0000000002b70ec0, 0x0000000002b71488]
Event: 0.187 Thread 0x000000005622a800  502       3       com.android.dx.rop.code.LocalVariableExtractor::processBlock (327 bytes)
Event: 0.189 Thread 0x000000005622a800 nmethod 502 0x0000000002b71750 code [0x0000000002b71bc0, 0x0000000002b754b8]
Event: 0.189 Thread 0x000000005622a800  497   !   3       com.android.dx.cf.code.RopperMachine::run (1550 bytes)
Event: 0.189 Thread 0x0000000056229000 nmethod 504 0x0000000002b7a6d0 code [0x0000000002b7a840, 0x0000000002b7ac28]
Event: 0.190 Thread 0x0000000056221800  509       4       java.util.ArrayList$Itr::hasNext (20 bytes)
Event: 0.190 Thread 0x0000000056221800 nmethod 509 0x0000000002b03fd0 code [0x0000000002b04100, 0x0000000002b04178]
Event: 0.194 Thread 0x0000000056229000  516       4       com.android.dx.rop.type.Type::hashCode (8 bytes)

GC Heap History (0 events):
No events

Deoptimization events (0 events):
No events

Internal exceptions (2 events):
Event: 0.018 Thread 0x0000000002148000 Exception <a 'java/lang/NoSuchMethodError': Method sun.misc.Unsafe.defineClass(Ljava/lang/String;[BII)Ljava/lang/Class; name or signature does not match> (0x00000000eab12038) thrown at [D:\re\workspace\8-2-build-windows-amd64-cygwin\jdk8u25\1677\hotspot\sræÈ?:=’?
Event: 0.018 Thread 0x0000000002148000 Exception <a 'java/lang/NoSuchMethodError': Method sun.misc.Unsafe.prefetchRead(Ljava/lang/Object;J)V name or signature does not match> (0x00000000eab122c8) thrown at [D:\re\workspace\8-2-build-windows-amd64-cygwin\jdk8u25\1677\hotspot\src\share\vm\prims\j

Events (10 events):
Event: 0.170 loading class com/android/dx/cf/attrib/AttSignature
Event: 0.170 loading class com/android/dx/cf/attrib/AttSignature done
Event: 0.172 loading class com/android/dx/dex/file/MethodAnnotationStruct
Event: 0.172 loading class com/android/dx/dex/file/MethodAnnotationStruct done
Event: 0.172 loading class com/android/dx/cf/code/SwitchList
Event: 0.172 loading class com/android/dx/cf/code/SwitchList done
Event: 0.183 loading class com/android/dx/cf/attrib/AttLocalVariableTypeTable
Event: 0.183 loading class com/android/dx/cf/attrib/AttLocalVariableTypeTable done
Event: 0.191 loading class com/android/dx/cf/direct/DirectClassFile$DcfTypeList
Event: 0.191 loading class com/android/dx/cf/direct/DirectClassFile$DcfTypeList done


Dynamic libraries:
0x000000013f890000 - 0x000000013f8c4000 	C:\Program Files\Java\jdk1.8.0_25\bin\java.exe
0x0000000077480000 - 0x0000000077629000 	C:\Windows\SYSTEM32\ntdll.dll
0x0000000077360000 - 0x000000007747f000 	C:\Windows\system32\kernel32.dll
0x000007fefd3e0000 - 0x000007fefd44b000 	C:\Windows\system32\KERNELBASE.dll
0x000007fefda40000 - 0x000007fefdb1b000 	C:\Windows\system32\ADVAPI32.dll
0x000007feff4e0000 - 0x000007feff57f000 	C:\Windows\system32\msvcrt.dll
0x000007feff4c0000 - 0x000007feff4df000 	C:\Windows\SYSTEM32\sechost.dll
0x000007fefec70000 - 0x000007fefed9d000 	C:\Windows\system32\RPCRT4.dll
0x0000000077260000 - 0x000000007735a000 	C:\Windows\system32\USER32.dll
0x000007fefeda0000 - 0x000007fefee07000 	C:\Windows\system32\GDI32.dll
0x000007fefefc0000 - 0x000007fefefce000 	C:\Windows\system32\LPK.dll
0x000007fefeec0000 - 0x000007fefef89000 	C:\Windows\system32\USP10.dll
0x000007fefbe80000 - 0x000007fefc074000 	C:\Windows\WinSxS\amd64_microsoft.windows.common-controls_6595b64144ccf1df_6.0.7601.17514_none_fa396087175ac9ac\COMCTL32.dll
0x000007fefd660000 - 0x000007fefd6d1000 	C:\Windows\system32\SHLWAPI.dll
0x000007fefef90000 - 0x000007fefefbe000 	C:\Windows\system32\IMM32.DLL
0x000007fefd6e0000 - 0x000007fefd7e9000 	C:\Windows\system32\MSCTF.dll
0x0000000078d90000 - 0x0000000078e62000 	C:\Program Files\Java\jdk1.8.0_25\jre\bin\msvcr100.dll
0x000000006f820000 - 0x000000007007a000 	C:\Program Files\Java\jdk1.8.0_25\jre\bin\server\jvm.dll
0x000007fef1520000 - 0x000007fef1529000 	C:\Windows\system32\WSOCK32.dll
0x000007fefd810000 - 0x000007fefd85d000 	C:\Windows\system32\WS2_32.dll
0x000007fefee10000 - 0x000007fefee18000 	C:\Windows\system32\NSI.dll
0x000007fefb3f0000 - 0x000007fefb42b000 	C:\Windows\system32\WINMM.dll
0x0000000077650000 - 0x0000000077657000 	C:\Windows\system32\PSAPI.DLL
0x0000000072db0000 - 0x0000000072dbf000 	C:\Program Files\Java\jdk1.8.0_25\jre\bin\verify.dll
0x000000006c9e0000 - 0x000000006ca08000 	C:\Program Files\Java\jdk1.8.0_25\jre\bin\java.dll
0x00000000005f0000 - 0x0000000000606000 	C:\Program Files\Java\jdk1.8.0_25\jre\bin\zip.dll
0x000007fefde00000 - 0x000007fefeb88000 	C:\Windows\system32\SHELL32.dll
0x000007feff580000 - 0x000007feff783000 	C:\Windows\system32\ole32.dll
0x000007fefd230000 - 0x000007fefd23f000 	C:\Windows\system32\profapi.dll

VM Arguments:
jvm_args: -Xmx1024M -Xss1m -Djava.ext.dirs=C:\Android\SDK\build-tools\21.1.2\lib 
java_command: C:\Android\SDK\build-tools\21.1.2\lib\dx.jar --dex --no-optimize --output C:\Users\Hive\AndroidStudioProjects\BookKeeper\app\build\intermediates\dex\debug --input-list C:\Users\Hive\AndroidStudioProjects\BookKeeper\app\build\intermediates\tmp\dex\debug\inputList.txt
java_class_path (initial): C:\Android\SDK\build-tools\21.1.2\lib\dx.jar
Launcher Type: SUN_STANDARD

Environment Variables:
JAVA_HOME=C:\Program Files\Java\jdk1.8.0_25
JRE_HOME=C:\Program Files\Java\jdk1.8.0_25\jre
CLASSPATH=C:\Program Files\Java\jdk1.8.0_25\lib;C:\Program Files\Java\jdk1.8.0_25\jre\lib
PATH=C:\ProgramData\Oracle\Java\javapath;%JAVA_HOME%;C:\Program Files\Haskell\bin;C:\Program Files\Haskell Platform\2014.2.0.0\lib\extralibs\bin;C:\Program Files\Haskell Platform\2014.2.0.0\bin;C:\Program Files (x86)\NVIDIA Corporation\PhysX\Common;C:\Program Files (x86)\Intel\iCLS Client\;C:\Program Files\Intel\iCLS Client\;C:\app\HappyDB\product\12.1.0\dbhome_2\bin;C:\app\HappyDB\product\12.1.0\dbhome_1\bin;C:\Program Files (x86)\ActiveState Komodo Edit 8\;C:\Windows\system32;C:\Windows;C:\Windows\System32\Wbem;C:\Windows\System32\WindowsPowerShell\v1.0\;C:\Program Files (x86)\Autodesk\Backburner\;C:\Program Files\Microsoft SQL Server\110\Tools\Binn\;C:\Program Files (x86)\Calibre2\;C:\Windows\System32\WindowsPowerShell\v1.0\;c:\Program Files (x86)\Microsoft SQL Server\100\Tools\Binn\;c:\Program Files\Microsoft SQL Server\100\Tools\Binn\;c:\Program Files\Microsoft SQL Server\100\DTS\Binn\;C:\Program Files\MATLAB\R2013a\runtime\win64;C:\Program Files\MATLAB\R2013a\bin;C:\Program Files\Intel\Intel(R) Management Engine Components\DAL;C:\Program Files (x86)\Intel\Intel(R) Management Engine Components\DAL;C:\Program Files\Intel\Intel(R) Management Engine Components\IPT;C:\Program Files (x86)\Intel\Intel(R) Management Engine Components\IPT;C:\Program Files\Haskell Platform\2014.2.0.0\mingw\bin;C:\Program Files\Microsoft SQL Server\120\Tools\Binn\; C:\Windows\System32;C:\Program Files (x86)\Microsoft Visual Studio 12.0\VC\bin\amd64;C:\Program Files (x86)\Windows Kits\8.1\Windows Performance Toolkit\;C:\Program Files (x86)\Microsoft SDKs\TypeScript\1.0\;C:\Program Files\Microsoft\Web Platform Installer\;C:\Windows\System32;C:\Program Files\Java\jdk1.8.0_25\bin
USERNAME=Hive
OS=Windows_NT
PROCESSOR_IDENTIFIER=Intel64 Family 6 Model 60 Stepping 3, GenuineIntel



---------------  S Y S T E M  ---------------

OS: Windows 7 , 64 bit Build 7601 Service Pack 1

CPU:total 4 (4 cores per cpu, 1 threads per core) family 6 model 60 stepping 3, cmov, cx8, fxsr, mmx, sse, sse2, sse3, ssse3, sse4.1, sse4.2, popcnt, avx, avx2, aes, clmul, erms, lzcnt, tsc, tscinvbit, bmi1, bmi2

Memory: 4k page, physical 8338396k(230632k free), swap 14391892k(5048k free)

vm_info: Java HotSpot(TM) 64-Bit Server VM (25.25-b02) for windows-amd64 JRE (1.8.0_25-b18), built on Oct  7 2014 14:25:37 by "java_re" with MS VC++ 10.0 (VS2010)

time: Thu Dec 18 00:29:49 2014
elapsed time: 0 seconds (0d 0h 0m 0s)

